<?xml version="1.0" encoding="UTF-8"?>
<!-- Generated by org.testng.reporters.JUnitReportReporter -->
<testsuite hostname="LAPTOP-3FBPSVHK" failures="0" tests="2" name="test.Day1" time="0.010" errors="0" timestamp="2024-03-23T09:13:05 IST" skipped="0">
  <testcase classname="test.Day1" name="Demo1" time="0.002"/>
  <system-out/>
  <testcase classname="test.Day1" name="Demo" time="0.008"/>
  <system-out/>
</testsuite> <!-- test.Day1 -->
